[11-Oct-2019 11:31:21 UTC] PHP Fatal error:  Uncaught PDOException: SQLSTATE[42S02]: Base table or view not found: 1146 Table 'ti6l6GEhzS.city' doesn't exist in C:\inetpub\wwwroot\PHP\taalproof_2.0\src\database\QueryBuilder.php:101
Stack trace:
#0 C:\inetpub\wwwroot\PHP\taalproof_2.0\src\database\QueryBuilder.php(101): PDOStatement->execute()
#1 C:\inetpub\wwwroot\PHP\taalproof_2.0\src\Controllers\register.php(7): QueryBuilder->getCities()
#2 C:\inetpub\wwwroot\PHP\taalproof_2.0\index.php(21): require('C:\\inetpub\\wwwr...')
#3 {main}
  thrown in C:\inetpub\wwwroot\PHP\taalproof_2.0\src\database\QueryBuilder.php on line 101
[11-Oct-2019 11:31:42 UTC] PHP Notice:  Undefined variable: cities in C:\inetpub\wwwroot\PHP\taalproof_2.0\Resources\views\default\register.view.php on line 35
[11-Oct-2019 11:31:42 UTC] PHP Warning:  Invalid argument supplied for foreach() in C:\inetpub\wwwroot\PHP\taalproof_2.0\Resources\views\default\register.view.php on line 35
[11-Oct-2019 11:45:24 UTC] PHP Fatal error:  Uncaught PDOException: SQLSTATE[HY000]: General error: 1364 Field 'roles_role_id' doesn't have a default value in C:\inetpub\wwwroot\PHP\taalproof_2.0\src\database\QueryBuilder.php:51
Stack trace:
#0 C:\inetpub\wwwroot\PHP\taalproof_2.0\src\database\QueryBuilder.php(51): PDOStatement->execute()
#1 C:\inetpub\wwwroot\PHP\taalproof_2.0\src\Controllers\register.php(32): QueryBuilder->register('Maud de Haas', 'maudhethaasje', 'maud@achthazen....', 'hey', '2019-10-11 11:4...')
#2 C:\inetpub\wwwroot\PHP\taalproof_2.0\index.php(21): require('C:\\inetpub\\wwwr...')
#3 {main}
  thrown in C:\inetpub\wwwroot\PHP\taalproof_2.0\src\database\QueryBuilder.php on line 51
[14-Oct-2019 09:33:56 UTC] PHP Notice:  Undefined index: id in C:\inetpub\wwwroot\PHP\taalproof_2.0\src\Controllers\watch_video.php on line 3
[14-Oct-2019 12:09:51 UTC] PHP Fatal error:  Uncaught PDOException: SQLSTATE[42S22]: Column not found: 1054 Unknown column 'user_id' in 'where clause' in C:\inetpub\wwwroot\PHP\taalproof_2.0\src\database\QueryBuilder.php:123
Stack trace:
#0 C:\inetpub\wwwroot\PHP\taalproof_2.0\src\database\QueryBuilder.php(123): PDOStatement->execute()
#1 C:\inetpub\wwwroot\PHP\taalproof_2.0\src\Controllers\account.php(9): QueryBuilder->selectFavorites('3')
#2 C:\inetpub\wwwroot\PHP\taalproof_2.0\index.php(25): require('C:\\inetpub\\wwwr...')
#3 {main}
  thrown in C:\inetpub\wwwroot\PHP\taalproof_2.0\src\database\QueryBuilder.php on line 123
[14-Oct-2019 12:10:15 UTC] PHP Fatal error:  Uncaught PDOException: SQLSTATE[42S22]: Column not found: 1054 Unknown column 'user_user_id' in 'where clause' in C:\inetpub\wwwroot\PHP\taalproof_2.0\src\database\QueryBuilder.php:123
Stack trace:
#0 C:\inetpub\wwwroot\PHP\taalproof_2.0\src\database\QueryBuilder.php(123): PDOStatement->execute()
#1 C:\inetpub\wwwroot\PHP\taalproof_2.0\src\Controllers\account.php(9): QueryBuilder->selectFavorites('3')
#2 C:\inetpub\wwwroot\PHP\taalproof_2.0\index.php(25): require('C:\\inetpub\\wwwr...')
#3 {main}
  thrown in C:\inetpub\wwwroot\PHP\taalproof_2.0\src\database\QueryBuilder.php on line 123
[14-Oct-2019 12:16:45 UTC] PHP Notice:  Undefined index: videos_video_id in C:\inetpub\wwwroot\PHP\taalproof_2.0\src\Controllers\account.php on line 10
[14-Oct-2019 12:23:04 UTC] PHP Notice:  Array to string conversion in C:\inetpub\wwwroot\PHP\taalproof_2.0\src\Controllers\account.php on line 13
[14-Oct-2019 12:23:04 UTC] PHP Notice:  Array to string conversion in C:\inetpub\wwwroot\PHP\taalproof_2.0\src\Controllers\account.php on line 13
[14-Oct-2019 12:28:38 UTC] PHP Fatal error:  Uncaught Error: Call to undefined method QueryBuilder::selectVideoById() in C:\inetpub\wwwroot\PHP\taalproof_2.0\src\Controllers\account.php:16
Stack trace:
#0 C:\inetpub\wwwroot\PHP\taalproof_2.0\index.php(25): require()
#1 {main}
  thrown in C:\inetpub\wwwroot\PHP\taalproof_2.0\src\Controllers\account.php on line 16
[14-Oct-2019 12:31:07 UTC] PHP Fatal error:  Uncaught Error: Call to undefined method QueryBuilder::selectVideoById() in C:\inetpub\wwwroot\PHP\taalproof_2.0\src\Controllers\watch_video.php:5
Stack trace:
#0 C:\inetpub\wwwroot\PHP\taalproof_2.0\index.php(25): require()
#1 {main}
  thrown in C:\inetpub\wwwroot\PHP\taalproof_2.0\src\Controllers\watch_video.php on line 5
[15-Oct-2019 12:28:51 UTC] PHP Notice:  Undefined index: product_image in C:\inetpub\wwwroot\PHP\taalproof_2.0\Resources\views\default\admin.view.php on line 11
[15-Oct-2019 12:28:51 UTC] PHP Notice:  Undefined index: product_id in C:\inetpub\wwwroot\PHP\taalproof_2.0\Resources\views\default\admin.view.php on line 15
[15-Oct-2019 12:28:51 UTC] PHP Notice:  Undefined index: product_id in C:\inetpub\wwwroot\PHP\taalproof_2.0\Resources\views\default\admin.view.php on line 16
[15-Oct-2019 12:28:51 UTC] PHP Notice:  Undefined index: product_name in C:\inetpub\wwwroot\PHP\taalproof_2.0\Resources\views\default\admin.view.php on line 21
[15-Oct-2019 12:28:51 UTC] PHP Notice:  Undefined index: product_name in C:\inetpub\wwwroot\PHP\taalproof_2.0\Resources\views\default\admin.view.php on line 24
[15-Oct-2019 12:28:51 UTC] PHP Notice:  Undefined index: product_description in C:\inetpub\wwwroot\PHP\taalproof_2.0\Resources\views\default\admin.view.php on line 25
[15-Oct-2019 12:28:51 UTC] PHP Notice:  Undefined index: product_price in C:\inetpub\wwwroot\PHP\taalproof_2.0\Resources\views\default\admin.view.php on line 26
[15-Oct-2019 12:28:51 UTC] PHP Notice:  Undefined index: product_image in C:\inetpub\wwwroot\PHP\taalproof_2.0\Resources\views\default\admin.view.php on line 11
[15-Oct-2019 12:28:51 UTC] PHP Notice:  Undefined index: product_id in C:\inetpub\wwwroot\PHP\taalproof_2.0\Resources\views\default\admin.view.php on line 15
[15-Oct-2019 12:28:51 UTC] PHP Notice:  Undefined index: product_id in C:\inetpub\wwwroot\PHP\taalproof_2.0\Resources\views\default\admin.view.php on line 16
[15-Oct-2019 12:28:51 UTC] PHP Notice:  Undefined index: product_name in C:\inetpub\wwwroot\PHP\taalproof_2.0\Resources\views\default\admin.view.php on line 21
[15-Oct-2019 12:28:51 UTC] PHP Notice:  Undefined index: product_name in C:\inetpub\wwwroot\PHP\taalproof_2.0\Resources\views\default\admin.view.php on line 24
[15-Oct-2019 12:28:51 UTC] PHP Notice:  Undefined index: product_description in C:\inetpub\wwwroot\PHP\taalproof_2.0\Resources\views\default\admin.view.php on line 25
[15-Oct-2019 12:28:51 UTC] PHP Notice:  Undefined index: product_price in C:\inetpub\wwwroot\PHP\taalproof_2.0\Resources\views\default\admin.view.php on line 26
[15-Oct-2019 12:28:51 UTC] PHP Notice:  Undefined index: product_image in C:\inetpub\wwwroot\PHP\taalproof_2.0\Resources\views\default\admin.view.php on line 11
[15-Oct-2019 12:28:51 UTC] PHP Notice:  Undefined index: product_id in C:\inetpub\wwwroot\PHP\taalproof_2.0\Resources\views\default\admin.view.php on line 15
[15-Oct-2019 12:28:51 UTC] PHP Notice:  Undefined index: product_id in C:\inetpub\wwwroot\PHP\taalproof_2.0\Resources\views\default\admin.view.php on line 16
[15-Oct-2019 12:28:51 UTC] PHP Notice:  Undefined index: product_name in C:\inetpub\wwwroot\PHP\taalproof_2.0\Resources\views\default\admin.view.php on line 21
[15-Oct-2019 12:28:51 UTC] PHP Notice:  Undefined index: product_name in C:\inetpub\wwwroot\PHP\taalproof_2.0\Resources\views\default\admin.view.php on line 24
[15-Oct-2019 12:28:51 UTC] PHP Notice:  Undefined index: product_description in C:\inetpub\wwwroot\PHP\taalproof_2.0\Resources\views\default\admin.view.php on line 25
[15-Oct-2019 12:28:51 UTC] PHP Notice:  Undefined index: product_price in C:\inetpub\wwwroot\PHP\taalproof_2.0\Resources\views\default\admin.view.php on line 26
[15-Oct-2019 12:28:51 UTC] PHP Notice:  Undefined index: product_image in C:\inetpub\wwwroot\PHP\taalproof_2.0\Resources\views\default\admin.view.php on line 11
[15-Oct-2019 12:28:51 UTC] PHP Notice:  Undefined index: product_id in C:\inetpub\wwwroot\PHP\taalproof_2.0\Resources\views\default\admin.view.php on line 15
[15-Oct-2019 12:28:51 UTC] PHP Notice:  Undefined index: product_id in C:\inetpub\wwwroot\PHP\taalproof_2.0\Resources\views\default\admin.view.php on line 16
[15-Oct-2019 12:28:51 UTC] PHP Notice:  Undefined index: product_name in C:\inetpub\wwwroot\PHP\taalproof_2.0\Resources\views\default\admin.view.php on line 21
[15-Oct-2019 12:28:51 UTC] PHP Notice:  Undefined index: product_name in C:\inetpub\wwwroot\PHP\taalproof_2.0\Resources\views\default\admin.view.php on line 24
[15-Oct-2019 12:28:51 UTC] PHP Notice:  Undefined index: product_description in C:\inetpub\wwwroot\PHP\taalproof_2.0\Resources\views\default\admin.view.php on line 25
[15-Oct-2019 12:28:51 UTC] PHP Notice:  Undefined index: product_price in C:\inetpub\wwwroot\PHP\taalproof_2.0\Resources\views\default\admin.view.php on line 26
[15-Oct-2019 12:28:51 UTC] PHP Notice:  Undefined index: product_image in C:\inetpub\wwwroot\PHP\taalproof_2.0\Resources\views\default\admin.view.php on line 11
[15-Oct-2019 12:28:51 UTC] PHP Notice:  Undefined index: product_id in C:\inetpub\wwwroot\PHP\taalproof_2.0\Resources\views\default\admin.view.php on line 15
[15-Oct-2019 12:28:51 UTC] PHP Notice:  Undefined index: product_id in C:\inetpub\wwwroot\PHP\taalproof_2.0\Resources\views\default\admin.view.php on line 16
[15-Oct-2019 12:28:51 UTC] PHP Notice:  Undefined index: product_name in C:\inetpub\wwwroot\PHP\taalproof_2.0\Resources\views\default\admin.view.php on line 21
[15-Oct-2019 12:28:51 UTC] PHP Notice:  Undefined index: product_name in C:\inetpub\wwwroot\PHP\taalproof_2.0\Resources\views\default\admin.view.php on line 24
[15-Oct-2019 12:28:51 UTC] PHP Notice:  Undefined index: product_description in C:\inetpub\wwwroot\PHP\taalproof_2.0\Resources\views\default\admin.view.php on line 25
[15-Oct-2019 12:28:51 UTC] PHP Notice:  Undefined index: product_price in C:\inetpub\wwwroot\PHP\taalproof_2.0\Resources\views\default\admin.view.php on line 26
[15-Oct-2019 12:39:28 UTC] PHP Notice:  Undefined index: user_id in C:\inetpub\wwwroot\PHP\taalproof_2.0\Resources\views\default\admin.view.php on line 17
[15-Oct-2019 12:39:28 UTC] PHP Notice:  Undefined index: user_email in C:\inetpub\wwwroot\PHP\taalproof_2.0\Resources\views\default\admin.view.php on line 18
[15-Oct-2019 12:39:28 UTC] PHP Notice:  Undefined index: user_name in C:\inetpub\wwwroot\PHP\taalproof_2.0\Resources\views\default\admin.view.php on line 19
[15-Oct-2019 12:39:28 UTC] PHP Notice:  Undefined index: login_name in C:\inetpub\wwwroot\PHP\taalproof_2.0\Resources\views\default\admin.view.php on line 20
[15-Oct-2019 12:39:28 UTC] PHP Notice:  Undefined index: roles_role_id in C:\inetpub\wwwroot\PHP\taalproof_2.0\Resources\views\default\admin.view.php on line 21
[15-Oct-2019 12:39:28 UTC] PHP Notice:  Undefined index: last_updated in C:\inetpub\wwwroot\PHP\taalproof_2.0\Resources\views\default\admin.view.php on line 22
[15-Oct-2019 12:39:28 UTC] PHP Notice:  Undefined index: user_id in C:\inetpub\wwwroot\PHP\taalproof_2.0\Resources\views\default\admin.view.php on line 17
[15-Oct-2019 12:39:28 UTC] PHP Notice:  Undefined index: user_email in C:\inetpub\wwwroot\PHP\taalproof_2.0\Resources\views\default\admin.view.php on line 18
[15-Oct-2019 12:39:28 UTC] PHP Notice:  Undefined index: user_name in C:\inetpub\wwwroot\PHP\taalproof_2.0\Resources\views\default\admin.view.php on line 19
[15-Oct-2019 12:39:28 UTC] PHP Notice:  Undefined index: login_name in C:\inetpub\wwwroot\PHP\taalproof_2.0\Resources\views\default\admin.view.php on line 20
[15-Oct-2019 12:39:28 UTC] PHP Notice:  Undefined index: roles_role_id in C:\inetpub\wwwroot\PHP\taalproof_2.0\Resources\views\default\admin.view.php on line 21
[15-Oct-2019 12:39:28 UTC] PHP Notice:  Undefined index: last_updated in C:\inetpub\wwwroot\PHP\taalproof_2.0\Resources\views\default\admin.view.php on line 22
[15-Oct-2019 12:39:28 UTC] PHP Notice:  Undefined index: user_id in C:\inetpub\wwwroot\PHP\taalproof_2.0\Resources\views\default\admin.view.php on line 17
[15-Oct-2019 12:39:28 UTC] PHP Notice:  Undefined index: user_email in C:\inetpub\wwwroot\PHP\taalproof_2.0\Resources\views\default\admin.view.php on line 18
[15-Oct-2019 12:39:28 UTC] PHP Notice:  Undefined index: user_name in C:\inetpub\wwwroot\PHP\taalproof_2.0\Resources\views\default\admin.view.php on line 19
[15-Oct-2019 12:39:28 UTC] PHP Notice:  Undefined index: login_name in C:\inetpub\wwwroot\PHP\taalproof_2.0\Resources\views\default\admin.view.php on line 20
[15-Oct-2019 12:39:28 UTC] PHP Notice:  Undefined index: roles_role_id in C:\inetpub\wwwroot\PHP\taalproof_2.0\Resources\views\default\admin.view.php on line 21
[15-Oct-2019 12:39:28 UTC] PHP Notice:  Undefined index: last_updated in C:\inetpub\wwwroot\PHP\taalproof_2.0\Resources\views\default\admin.view.php on line 22
[15-Oct-2019 12:39:28 UTC] PHP Notice:  Undefined index: user_id in C:\inetpub\wwwroot\PHP\taalproof_2.0\Resources\views\default\admin.view.php on line 17
[15-Oct-2019 12:39:28 UTC] PHP Notice:  Undefined index: user_email in C:\inetpub\wwwroot\PHP\taalproof_2.0\Resources\views\default\admin.view.php on line 18
[15-Oct-2019 12:39:28 UTC] PHP Notice:  Undefined index: user_name in C:\inetpub\wwwroot\PHP\taalproof_2.0\Resources\views\default\admin.view.php on line 19
[15-Oct-2019 12:39:28 UTC] PHP Notice:  Undefined index: login_name in C:\inetpub\wwwroot\PHP\taalproof_2.0\Resources\views\default\admin.view.php on line 20
[15-Oct-2019 12:39:28 UTC] PHP Notice:  Undefined index: roles_role_id in C:\inetpub\wwwroot\PHP\taalproof_2.0\Resources\views\default\admin.view.php on line 21
[15-Oct-2019 12:39:28 UTC] PHP Notice:  Undefined index: last_updated in C:\inetpub\wwwroot\PHP\taalproof_2.0\Resources\views\default\admin.view.php on line 22
[15-Oct-2019 12:39:28 UTC] PHP Notice:  Undefined index: user_id in C:\inetpub\wwwroot\PHP\taalproof_2.0\Resources\views\default\admin.view.php on line 17
[15-Oct-2019 12:39:28 UTC] PHP Notice:  Undefined index: user_email in C:\inetpub\wwwroot\PHP\taalproof_2.0\Resources\views\default\admin.view.php on line 18
[15-Oct-2019 12:39:28 UTC] PHP Notice:  Undefined index: user_name in C:\inetpub\wwwroot\PHP\taalproof_2.0\Resources\views\default\admin.view.php on line 19
[15-Oct-2019 12:39:28 UTC] PHP Notice:  Undefined index: login_name in C:\inetpub\wwwroot\PHP\taalproof_2.0\Resources\views\default\admin.view.php on line 20
[15-Oct-2019 12:39:28 UTC] PHP Notice:  Undefined index: roles_role_id in C:\inetpub\wwwroot\PHP\taalproof_2.0\Resources\views\default\admin.view.php on line 21
[15-Oct-2019 12:39:28 UTC] PHP Notice:  Undefined index: last_updated in C:\inetpub\wwwroot\PHP\taalproof_2.0\Resources\views\default\admin.view.php on line 22
[15-Oct-2019 12:52:27 UTC] PHP Fatal error:  Uncaught PDOException: SQLSTATE[42S02]: Base table or view not found: 1146 Table 'ti6l6GEhzS.product' doesn't exist in C:\inetpub\wwwroot\PHP\taalproof_2.0\src\database\QueryBuilder.php:17
Stack trace:
#0 C:\inetpub\wwwroot\PHP\taalproof_2.0\src\database\QueryBuilder.php(17): PDOStatement->execute()
#1 C:\inetpub\wwwroot\PHP\taalproof_2.0\src\Controllers\admin.php(3): QueryBuilder->selectAll('product')
#2 C:\inetpub\wwwroot\PHP\taalproof_2.0\index.php(25): require('C:\\inetpub\\wwwr...')
#3 {main}
  thrown in C:\inetpub\wwwroot\PHP\taalproof_2.0\src\database\QueryBuilder.php on line 17
[15-Oct-2019 14:01:51 UTC] PHP Notice:  Undefined index: video_name in C:\inetpub\wwwroot\PHP\taalproof_2.0\src\Controllers\admin.php on line 6
[15-Oct-2019 14:02:21 UTC] PHP Notice:  Undefined index: video_name in C:\inetpub\wwwroot\PHP\taalproof_2.0\src\Controllers\admin.php on line 6
[16-Oct-2019 08:49:30 UTC] PHP Notice:  Undefined variable: genres in C:\inetpub\wwwroot\PHP\taalproof_2.0\Resources\views\default\add_video.view.php on line 25
[16-Oct-2019 08:49:30 UTC] PHP Warning:  Invalid argument supplied for foreach() in C:\inetpub\wwwroot\PHP\taalproof_2.0\Resources\views\default\add_video.view.php on line 25
[16-Oct-2019 08:49:51 UTC] PHP Notice:  Undefined variable: genres in C:\inetpub\wwwroot\PHP\taalproof_2.0\Resources\views\default\add_video.view.php on line 25
[16-Oct-2019 08:49:51 UTC] PHP Warning:  Invalid argument supplied for foreach() in C:\inetpub\wwwroot\PHP\taalproof_2.0\Resources\views\default\add_video.view.php on line 25
[16-Oct-2019 08:50:50 UTC] PHP Notice:  Undefined index: city_id in C:\inetpub\wwwroot\PHP\taalproof_2.0\Resources\views\default\add_video.view.php on line 27
[16-Oct-2019 08:50:50 UTC] PHP Notice:  Undefined variable: city in C:\inetpub\wwwroot\PHP\taalproof_2.0\Resources\views\default\add_video.view.php on line 27
[16-Oct-2019 08:50:50 UTC] PHP Notice:  Undefined index: city_id in C:\inetpub\wwwroot\PHP\taalproof_2.0\Resources\views\default\add_video.view.php on line 27
[16-Oct-2019 08:50:50 UTC] PHP Notice:  Undefined variable: city in C:\inetpub\wwwroot\PHP\taalproof_2.0\Resources\views\default\add_video.view.php on line 27
[16-Oct-2019 08:50:50 UTC] PHP Notice:  Undefined index: city_id in C:\inetpub\wwwroot\PHP\taalproof_2.0\Resources\views\default\add_video.view.php on line 27
[16-Oct-2019 08:50:50 UTC] PHP Notice:  Undefined variable: city in C:\inetpub\wwwroot\PHP\taalproof_2.0\Resources\views\default\add_video.view.php on line 27
[16-Oct-2019 08:50:50 UTC] PHP Notice:  Undefined index: city_id in C:\inetpub\wwwroot\PHP\taalproof_2.0\Resources\views\default\add_video.view.php on line 27
[16-Oct-2019 08:50:50 UTC] PHP Notice:  Undefined variable: city in C:\inetpub\wwwroot\PHP\taalproof_2.0\Resources\views\default\add_video.view.php on line 27
[16-Oct-2019 09:16:36 UTC] PHP Parse error:  syntax error, unexpected ';' in C:\inetpub\wwwroot\PHP\taalproof_2.0\src\Controllers\admin.php on line 12
[16-Oct-2019 09:20:10 UTC] PHP Notice:  Undefined index: video_category_category_id in C:\inetpub\wwwroot\PHP\taalproof_2.0\src\Controllers\admin.php on line 7
[16-Oct-2019 09:20:10 UTC] PHP Notice:  Undefined index: video_category_category_id in C:\inetpub\wwwroot\PHP\taalproof_2.0\src\Controllers\admin.php on line 7
[16-Oct-2019 09:20:10 UTC] PHP Notice:  Undefined index: video_category_category_id in C:\inetpub\wwwroot\PHP\taalproof_2.0\src\Controllers\admin.php on line 7
[16-Oct-2019 09:20:10 UTC] PHP Notice:  Undefined index: video_category_category_id in C:\inetpub\wwwroot\PHP\taalproof_2.0\src\Controllers\admin.php on line 7
[16-Oct-2019 09:20:10 UTC] PHP Notice:  Undefined index: video_category_category_id in C:\inetpub\wwwroot\PHP\taalproof_2.0\src\Controllers\admin.php on line 7
[16-Oct-2019 09:20:11 UTC] PHP Notice:  Undefined index: video_category_category_id in C:\inetpub\wwwroot\PHP\taalproof_2.0\src\Controllers\admin.php on line 7
[16-Oct-2019 09:21:08 UTC] PHP Notice:  Undefined index: video_category_category_id in C:\inetpub\wwwroot\PHP\taalproof_2.0\src\Controllers\admin.php on line 8
[16-Oct-2019 09:22:22 UTC] PHP Notice:  Undefined index: video_category_category_id in C:\inetpub\wwwroot\PHP\taalproof_2.0\src\Controllers\admin.php on line 9
[16-Oct-2019 09:22:22 UTC] PHP Notice:  Undefined index: video_category_category_id in C:\inetpub\wwwroot\PHP\taalproof_2.0\src\Controllers\admin.php on line 9
[16-Oct-2019 09:22:22 UTC] PHP Notice:  Undefined index: video_category_category_id in C:\inetpub\wwwroot\PHP\taalproof_2.0\src\Controllers\admin.php on line 9
[16-Oct-2019 09:22:22 UTC] PHP Notice:  Undefined index: video_category_category_id in C:\inetpub\wwwroot\PHP\taalproof_2.0\src\Controllers\admin.php on line 9
[16-Oct-2019 09:22:22 UTC] PHP Notice:  Undefined index: video_category_category_id in C:\inetpub\wwwroot\PHP\taalproof_2.0\src\Controllers\admin.php on line 9
[16-Oct-2019 09:32:31 UTC] PHP Notice:  Undefined variable: genre_video in C:\inetpub\wwwroot\PHP\taalproof_2.0\src\Controllers\admin.php on line 12
[16-Oct-2019 09:38:08 UTC] PHP Notice:  Undefined index: category_description in C:\inetpub\wwwroot\PHP\taalproof_2.0\src\Controllers\admin.php on line 12
[16-Oct-2019 09:38:08 UTC] PHP Notice:  Undefined index: category_description in C:\inetpub\wwwroot\PHP\taalproof_2.0\src\Controllers\admin.php on line 12
[16-Oct-2019 09:38:08 UTC] PHP Notice:  Undefined index: category_description in C:\inetpub\wwwroot\PHP\taalproof_2.0\src\Controllers\admin.php on line 12
[16-Oct-2019 09:38:08 UTC] PHP Notice:  Undefined index: category_description in C:\inetpub\wwwroot\PHP\taalproof_2.0\src\Controllers\admin.php on line 12
[16-Oct-2019 09:38:08 UTC] PHP Notice:  Undefined index: category_description in C:\inetpub\wwwroot\PHP\taalproof_2.0\src\Controllers\admin.php on line 12
[16-Oct-2019 09:38:08 UTC] PHP Notice:  Undefined index: category_description in C:\inetpub\wwwroot\PHP\taalproof_2.0\src\Controllers\admin.php on line 12
[16-Oct-2019 09:48:44 UTC] PHP Notice:  Array to string conversion in C:\inetpub\wwwroot\PHP\taalproof_2.0\src\Controllers\admin.php on line 12
[16-Oct-2019 09:48:44 UTC] PHP Notice:  Array to string conversion in C:\inetpub\wwwroot\PHP\taalproof_2.0\src\Controllers\admin.php on line 12
[16-Oct-2019 09:48:44 UTC] PHP Notice:  Array to string conversion in C:\inetpub\wwwroot\PHP\taalproof_2.0\src\Controllers\admin.php on line 12
[16-Oct-2019 09:48:44 UTC] PHP Notice:  Array to string conversion in C:\inetpub\wwwroot\PHP\taalproof_2.0\src\Controllers\admin.php on line 12
[16-Oct-2019 09:48:44 UTC] PHP Notice:  Array to string conversion in C:\inetpub\wwwroot\PHP\taalproof_2.0\src\Controllers\admin.php on line 12
[16-Oct-2019 09:48:44 UTC] PHP Notice:  Array to string conversion in C:\inetpub\wwwroot\PHP\taalproof_2.0\src\Controllers\admin.php on line 12
[16-Oct-2019 09:48:44 UTC] PHP Notice:  Array to string conversion in C:\inetpub\wwwroot\PHP\taalproof_2.0\src\Controllers\admin.php on line 12
[16-Oct-2019 09:48:44 UTC] PHP Notice:  Array to string conversion in C:\inetpub\wwwroot\PHP\taalproof_2.0\src\Controllers\admin.php on line 12
[16-Oct-2019 09:48:44 UTC] PHP Notice:  Array to string conversion in C:\inetpub\wwwroot\PHP\taalproof_2.0\src\Controllers\admin.php on line 12
[16-Oct-2019 09:48:44 UTC] PHP Notice:  Array to string conversion in C:\inetpub\wwwroot\PHP\taalproof_2.0\src\Controllers\admin.php on line 12
[16-Oct-2019 09:48:44 UTC] PHP Notice:  Array to string conversion in C:\inetpub\wwwroot\PHP\taalproof_2.0\src\Controllers\admin.php on line 12
[16-Oct-2019 09:48:44 UTC] PHP Notice:  Array to string conversion in C:\inetpub\wwwroot\PHP\taalproof_2.0\src\Controllers\admin.php on line 12
[16-Oct-2019 09:52:19 UTC] PHP Fatal error:  Uncaught PDOException: SQLSTATE[HY000]: General error: PDO::FETCH_LAZY can't be used with PDOStatement::fetchAll() in C:\inetpub\wwwroot\PHP\taalproof_2.0\src\database\QueryBuilder.php:125
Stack trace:
#0 C:\inetpub\wwwroot\PHP\taalproof_2.0\src\database\QueryBuilder.php(125): PDOStatement->fetchAll(1)
#1 C:\inetpub\wwwroot\PHP\taalproof_2.0\src\Controllers\admin.php(13): QueryBuilder->selectAllIdWhereIdFetch('video_category', 'category_id', '1')
#2 C:\inetpub\wwwroot\PHP\taalproof_2.0\index.php(25): require('C:\\inetpub\\wwwr...')
#3 {main}
  thrown in C:\inetpub\wwwroot\PHP\taalproof_2.0\src\database\QueryBuilder.php on line 125
[16-Oct-2019 10:08:26 UTC] PHP Notice:  Undefined variable: all_video_genres in C:\inetpub\wwwroot\PHP\taalproof_2.0\src\Controllers\admin.php on line 28
[16-Oct-2019 10:08:50 UTC] PHP Notice:  Undefined variable: all_video_genres in C:\inetpub\wwwroot\PHP\taalproof_2.0\src\Controllers\admin.php on line 29
[16-Oct-2019 10:09:42 UTC] PHP Notice:  Undefined index: description in C:\inetpub\wwwroot\PHP\taalproof_2.0\src\Controllers\admin.php on line 14
[16-Oct-2019 10:09:49 UTC] PHP Notice:  Undefined index: video_description in C:\inetpub\wwwroot\PHP\taalproof_2.0\src\Controllers\admin.php on line 14
[16-Oct-2019 10:10:07 UTC] PHP Notice:  Undefined variable: categories in C:\inetpub\wwwroot\PHP\taalproof_2.0\src\Controllers\admin.php on line 26
[16-Oct-2019 10:10:07 UTC] PHP Notice:  Undefined variable: categories in C:\inetpub\wwwroot\PHP\taalproof_2.0\src\Controllers\admin.php on line 26
[16-Oct-2019 10:10:07 UTC] PHP Notice:  Undefined variable: categories in C:\inetpub\wwwroot\PHP\taalproof_2.0\src\Controllers\admin.php on line 26
[16-Oct-2019 10:10:07 UTC] PHP Notice:  Undefined variable: categories in C:\inetpub\wwwroot\PHP\taalproof_2.0\src\Controllers\admin.php on line 26
[16-Oct-2019 10:10:07 UTC] PHP Notice:  Undefined variable: categories in C:\inetpub\wwwroot\PHP\taalproof_2.0\src\Controllers\admin.php on line 26
[16-Oct-2019 10:10:07 UTC] PHP Notice:  Undefined variable: categories in C:\inetpub\wwwroot\PHP\taalproof_2.0\src\Controllers\admin.php on line 26
[16-Oct-2019 10:10:07 UTC] PHP Notice:  Undefined variable: all_video_genres in C:\inetpub\wwwroot\PHP\taalproof_2.0\src\Controllers\admin.php on line 30
[16-Oct-2019 10:10:57 UTC] PHP Warning:  array_merge(): Expected parameter 2 to be an array, string given in C:\inetpub\wwwroot\PHP\taalproof_2.0\src\Controllers\admin.php on line 15
[16-Oct-2019 10:10:57 UTC] PHP Warning:  array_merge(): Expected parameter 2 to be an array, string given in C:\inetpub\wwwroot\PHP\taalproof_2.0\src\Controllers\admin.php on line 15
[16-Oct-2019 10:10:57 UTC] PHP Warning:  array_merge(): Expected parameter 2 to be an array, string given in C:\inetpub\wwwroot\PHP\taalproof_2.0\src\Controllers\admin.php on line 15
[16-Oct-2019 10:10:57 UTC] PHP Warning:  array_merge(): Expected parameter 2 to be an array, string given in C:\inetpub\wwwroot\PHP\taalproof_2.0\src\Controllers\admin.php on line 15
[16-Oct-2019 10:10:57 UTC] PHP Warning:  array_merge(): Expected parameter 2 to be an array, string given in C:\inetpub\wwwroot\PHP\taalproof_2.0\src\Controllers\admin.php on line 15
[16-Oct-2019 10:11:16 UTC] PHP Notice:  Undefined index: category_description in C:\inetpub\wwwroot\PHP\taalproof_2.0\src\Controllers\admin.php on line 15
[16-Oct-2019 10:11:16 UTC] PHP Warning:  array_merge(): Expected parameter 2 to be an array, null given in C:\inetpub\wwwroot\PHP\taalproof_2.0\src\Controllers\admin.php on line 15
[16-Oct-2019 10:11:16 UTC] PHP Notice:  Undefined index: category_description in C:\inetpub\wwwroot\PHP\taalproof_2.0\src\Controllers\admin.php on line 15
[16-Oct-2019 10:11:16 UTC] PHP Warning:  array_merge(): Expected parameter 2 to be an array, null given in C:\inetpub\wwwroot\PHP\taalproof_2.0\src\Controllers\admin.php on line 15
[16-Oct-2019 10:11:16 UTC] PHP Notice:  Undefined index: category_description in C:\inetpub\wwwroot\PHP\taalproof_2.0\src\Controllers\admin.php on line 15
[16-Oct-2019 10:11:16 UTC] PHP Warning:  array_merge(): Expected parameter 2 to be an array, null given in C:\inetpub\wwwroot\PHP\taalproof_2.0\src\Controllers\admin.php on line 15
[16-Oct-2019 10:11:16 UTC] PHP Notice:  Undefined index: category_description in C:\inetpub\wwwroot\PHP\taalproof_2.0\src\Controllers\admin.php on line 15
[16-Oct-2019 10:11:16 UTC] PHP Warning:  array_merge(): Expected parameter 2 to be an array, null given in C:\inetpub\wwwroot\PHP\taalproof_2.0\src\Controllers\admin.php on line 15
[16-Oct-2019 10:11:17 UTC] PHP Notice:  Undefined index: category_description in C:\inetpub\wwwroot\PHP\taalproof_2.0\src\Controllers\admin.php on line 15
[16-Oct-2019 10:11:17 UTC] PHP Warning:  array_merge(): Expected parameter 2 to be an array, null given in C:\inetpub\wwwroot\PHP\taalproof_2.0\src\Controllers\admin.php on line 15
[16-Oct-2019 10:18:42 UTC] PHP Notice:  Undefined variable: category_ids in C:\inetpub\wwwroot\PHP\taalproof_2.0\src\Controllers\admin.php on line 16
[16-Oct-2019 10:18:42 UTC] PHP Warning:  Invalid argument supplied for foreach() in C:\inetpub\wwwroot\PHP\taalproof_2.0\src\Controllers\admin.php on line 16
[16-Oct-2019 10:18:43 UTC] PHP Notice:  Undefined variable: category_ids in C:\inetpub\wwwroot\PHP\taalproof_2.0\src\Controllers\admin.php on line 16
[16-Oct-2019 10:18:43 UTC] PHP Warning:  Invalid argument supplied for foreach() in C:\inetpub\wwwroot\PHP\taalproof_2.0\src\Controllers\admin.php on line 16
[16-Oct-2019 10:18:43 UTC] PHP Notice:  Undefined variable: category_ids in C:\inetpub\wwwroot\PHP\taalproof_2.0\src\Controllers\admin.php on line 16
[16-Oct-2019 10:18:43 UTC] PHP Warning:  Invalid argument supplied for foreach() in C:\inetpub\wwwroot\PHP\taalproof_2.0\src\Controllers\admin.php on line 16
[16-Oct-2019 10:18:43 UTC] PHP Notice:  Undefined variable: category_ids in C:\inetpub\wwwroot\PHP\taalproof_2.0\src\Controllers\admin.php on line 16
[16-Oct-2019 10:18:43 UTC] PHP Warning:  Invalid argument supplied for foreach() in C:\inetpub\wwwroot\PHP\taalproof_2.0\src\Controllers\admin.php on line 16
[16-Oct-2019 10:18:43 UTC] PHP Notice:  Undefined variable: category_ids in C:\inetpub\wwwroot\PHP\taalproof_2.0\src\Controllers\admin.php on line 16
[16-Oct-2019 10:18:43 UTC] PHP Warning:  Invalid argument supplied for foreach() in C:\inetpub\wwwroot\PHP\taalproof_2.0\src\Controllers\admin.php on line 16
[16-Oct-2019 10:18:43 UTC] PHP Notice:  Undefined variable: category_ids in C:\inetpub\wwwroot\PHP\taalproof_2.0\src\Controllers\admin.php on line 16
[16-Oct-2019 10:18:43 UTC] PHP Warning:  Invalid argument supplied for foreach() in C:\inetpub\wwwroot\PHP\taalproof_2.0\src\Controllers\admin.php on line 16
[16-Oct-2019 10:18:43 UTC] PHP Notice:  Undefined variable: all_video_genres in C:\inetpub\wwwroot\PHP\taalproof_2.0\src\Controllers\admin.php on line 26
[16-Oct-2019 10:36:15 UTC] PHP Notice:  Undefined index:  in C:\inetpub\wwwroot\PHP\taalproof_2.0\src\Controllers\admin.php on line 19
[16-Oct-2019 10:36:15 UTC] PHP Notice:  Undefined index:  in C:\inetpub\wwwroot\PHP\taalproof_2.0\src\Controllers\admin.php on line 19
[16-Oct-2019 10:36:15 UTC] PHP Warning:  array_merge(): Expected parameter 2 to be an array, null given in C:\inetpub\wwwroot\PHP\taalproof_2.0\src\Controllers\admin.php on line 16
[16-Oct-2019 10:36:15 UTC] PHP Notice:  Undefined index:  in C:\inetpub\wwwroot\PHP\taalproof_2.0\src\Controllers\admin.php on line 19
[16-Oct-2019 10:36:15 UTC] PHP Notice:  Undefined index:  in C:\inetpub\wwwroot\PHP\taalproof_2.0\src\Controllers\admin.php on line 19
[16-Oct-2019 10:36:15 UTC] PHP Warning:  array_merge(): Expected parameter 2 to be an array, null given in C:\inetpub\wwwroot\PHP\taalproof_2.0\src\Controllers\admin.php on line 16
[16-Oct-2019 10:36:35 UTC] PHP Notice:  Undefined variable: types in C:\inetpub\wwwroot\PHP\taalproof_2.0\src\Controllers\admin.php on line 8
[16-Oct-2019 10:36:35 UTC] PHP Notice:  Undefined index:  in C:\inetpub\wwwroot\PHP\taalproof_2.0\src\Controllers\admin.php on line 8
[16-Oct-2019 10:36:35 UTC] PHP Notice:  Undefined index:  in C:\inetpub\wwwroot\PHP\taalproof_2.0\src\Controllers\admin.php on line 8
[16-Oct-2019 10:36:35 UTC] PHP Warning:  array_merge(): Expected parameter 2 to be an array, null given in C:\inetpub\wwwroot\PHP\taalproof_2.0\src\Controllers\admin.php on line 17
[16-Oct-2019 10:36:35 UTC] PHP Notice:  Undefined index:  in C:\inetpub\wwwroot\PHP\taalproof_2.0\src\Controllers\admin.php on line 8
[16-Oct-2019 10:36:35 UTC] PHP Notice:  Undefined index:  in C:\inetpub\wwwroot\PHP\taalproof_2.0\src\Controllers\admin.php on line 8
[16-Oct-2019 10:36:35 UTC] PHP Warning:  array_merge(): Expected parameter 2 to be an array, null given in C:\inetpub\wwwroot\PHP\taalproof_2.0\src\Controllers\admin.php on line 17
[16-Oct-2019 10:36:46 UTC] PHP Notice:  Undefined index:  in C:\inetpub\wwwroot\PHP\taalproof_2.0\src\Controllers\admin.php on line 23
[16-Oct-2019 10:37:51 UTC] PHP Notice:  Undefined index:  in C:\inetpub\wwwroot\PHP\taalproof_2.0\src\Controllers\admin.php on line 23
[16-Oct-2019 10:37:54 UTC] PHP Notice:  Undefined index:  in C:\inetpub\wwwroot\PHP\taalproof_2.0\src\Controllers\admin.php on line 23
[16-Oct-2019 10:37:54 UTC] PHP Notice:  Undefined index:  in C:\inetpub\wwwroot\PHP\taalproof_2.0\src\Controllers\admin.php on line 23
[16-Oct-2019 10:37:55 UTC] PHP Notice:  Undefined index:  in C:\inetpub\wwwroot\PHP\taalproof_2.0\src\Controllers\admin.php on line 23
[16-Oct-2019 10:37:55 UTC] PHP Notice:  Undefined index:  in C:\inetpub\wwwroot\PHP\taalproof_2.0\src\Controllers\admin.php on line 23
[16-Oct-2019 10:37:55 UTC] PHP Notice:  Undefined index:  in C:\inetpub\wwwroot\PHP\taalproof_2.0\src\Controllers\admin.php on line 23
[16-Oct-2019 10:37:56 UTC] PHP Notice:  Undefined index:  in C:\inetpub\wwwroot\PHP\taalproof_2.0\src\Controllers\admin.php on line 23
[16-Oct-2019 10:37:56 UTC] PHP Notice:  Undefined index:  in C:\inetpub\wwwroot\PHP\taalproof_2.0\src\Controllers\admin.php on line 23
[16-Oct-2019 10:37:56 UTC] PHP Notice:  Undefined index:  in C:\inetpub\wwwroot\PHP\taalproof_2.0\src\Controllers\admin.php on line 23
[16-Oct-2019 10:37:57 UTC] PHP Notice:  Undefined index:  in C:\inetpub\wwwroot\PHP\taalproof_2.0\src\Controllers\admin.php on line 23
[16-Oct-2019 10:37:57 UTC] PHP Notice:  Undefined index:  in C:\inetpub\wwwroot\PHP\taalproof_2.0\src\Controllers\admin.php on line 23
[16-Oct-2019 10:38:39 UTC] PHP Warning:  reset() expects parameter 1 to be array, null given in C:\inetpub\wwwroot\PHP\taalproof_2.0\src\Controllers\admin.php on line 14
[16-Oct-2019 10:39:06 UTC] PHP Warning:  reset() expects parameter 1 to be array, null given in C:\inetpub\wwwroot\PHP\taalproof_2.0\src\Controllers\admin.php on line 8
[16-Oct-2019 10:39:25 UTC] PHP Warning:  reset() expects parameter 1 to be array, null given in C:\inetpub\wwwroot\PHP\taalproof_2.0\src\Controllers\admin.php on line 8
[16-Oct-2019 10:41:13 UTC] PHP Notice:  Undefined variable: types in C:\inetpub\wwwroot\PHP\taalproof_2.0\src\Controllers\admin.php on line 17
[16-Oct-2019 10:41:13 UTC] PHP Notice:  Undefined variable: types in C:\inetpub\wwwroot\PHP\taalproof_2.0\src\Controllers\admin.php on line 19
[16-Oct-2019 10:41:13 UTC] PHP Warning:  array_merge(): Expected parameter 2 to be an array, null given in C:\inetpub\wwwroot\PHP\taalproof_2.0\src\Controllers\admin.php on line 19
[16-Oct-2019 10:41:13 UTC] PHP Notice:  Undefined variable: types in C:\inetpub\wwwroot\PHP\taalproof_2.0\src\Controllers\admin.php on line 17
[16-Oct-2019 10:41:13 UTC] PHP Notice:  Undefined variable: types in C:\inetpub\wwwroot\PHP\taalproof_2.0\src\Controllers\admin.php on line 19
[16-Oct-2019 10:41:13 UTC] PHP Warning:  array_merge(): Expected parameter 2 to be an array, null given in C:\inetpub\wwwroot\PHP\taalproof_2.0\src\Controllers\admin.php on line 19
[16-Oct-2019 10:43:26 UTC] PHP Warning:  array_merge(): Expected parameter 2 to be an array, string given in C:\inetpub\wwwroot\PHP\taalproof_2.0\src\Controllers\admin.php on line 17
[16-Oct-2019 10:43:26 UTC] PHP Warning:  array_merge(): Expected parameter 2 to be an array, string given in C:\inetpub\wwwroot\PHP\taalproof_2.0\src\Controllers\admin.php on line 17
[16-Oct-2019 10:43:26 UTC] PHP Warning:  array_merge(): Expected parameter 2 to be an array, string given in C:\inetpub\wwwroot\PHP\taalproof_2.0\src\Controllers\admin.php on line 17
[16-Oct-2019 10:43:26 UTC] PHP Warning:  array_merge(): Expected parameter 2 to be an array, string given in C:\inetpub\wwwroot\PHP\taalproof_2.0\src\Controllers\admin.php on line 17
[16-Oct-2019 11:02:12 UTC] PHP Notice:  Undefined index: yes in C:\inetpub\wwwroot\PHP\taalproof_2.0\src\Controllers\admin.php on line 20
[16-Oct-2019 11:02:12 UTC] PHP Notice:  Undefined index: yes in C:\inetpub\wwwroot\PHP\taalproof_2.0\src\Controllers\admin.php on line 20
[16-Oct-2019 11:02:12 UTC] PHP Notice:  Undefined index: yes in C:\inetpub\wwwroot\PHP\taalproof_2.0\src\Controllers\admin.php on line 20
[16-Oct-2019 11:02:12 UTC] PHP Notice:  Undefined index: yes in C:\inetpub\wwwroot\PHP\taalproof_2.0\src\Controllers\admin.php on line 20
[16-Oct-2019 11:21:39 UTC] PHP Parse error:  syntax error, unexpected ')' in C:\inetpub\wwwroot\PHP\taalproof_2.0\src\Controllers\admin.php on line 40
[17-Oct-2019 13:50:34 UTC] PHP Fatal error:  Uncaught PDOException: SQLSTATE[42S22]: Column not found: 1054 Unknown column 'video_coe' in 'where clause' in C:\inetpub\wwwroot\PHP\taalproof_2.0\src\database\QueryBuilder.php:113
Stack trace:
#0 C:\inetpub\wwwroot\PHP\taalproof_2.0\src\database\QueryBuilder.php(113): PDOStatement->execute()
#1 C:\inetpub\wwwroot\PHP\taalproof_2.0\src\Controllers\admin.php(47): QueryBuilder->selectAllIdWhereId('videos', 'video_coe', 'cdtyj')
#2 C:\inetpub\wwwroot\PHP\taalproof_2.0\index.php(25): require('C:\\inetpub\\wwwr...')
#3 {main}
  thrown in C:\inetpub\wwwroot\PHP\taalproof_2.0\src\database\QueryBuilder.php on line 113
[17-Oct-2019 13:51:00 UTC] PHP Fatal error:  Uncaught PDOException: SQLSTATE[42S22]: Column not found: 1054 Unknown column 'category_description' in 'where clause' in C:\inetpub\wwwroot\PHP\taalproof_2.0\src\database\QueryBuilder.php:113
Stack trace:
#0 C:\inetpub\wwwroot\PHP\taalproof_2.0\src\database\QueryBuilder.php(113): PDOStatement->execute()
#1 C:\inetpub\wwwroot\PHP\taalproof_2.0\src\Controllers\admin.php(49): QueryBuilder->selectAllIdWhereId('multiple_catego...', 'category_descri...', '2')
#2 C:\inetpub\wwwroot\PHP\taalproof_2.0\index.php(25): require('C:\\inetpub\\wwwr...')
#3 {main}
  thrown in C:\inetpub\wwwroot\PHP\taalproof_2.0\src\database\QueryBuilder.php on line 113
[17-Oct-2019 13:52:34 UTC] PHP Notice:  Array to string conversion in C:\inetpub\wwwroot\PHP\taalproof_2.0\src\database\QueryBuilder.php on line 164
[17-Oct-2019 13:52:34 UTC] PHP Notice:  Array to string conversion in C:\inetpub\wwwroot\PHP\taalproof_2.0\src\database\QueryBuilder.php on line 165
[17-Oct-2019 13:52:34 UTC] PHP Notice:  Array to string conversion in C:\inetpub\wwwroot\PHP\taalproof_2.0\src\database\QueryBuilder.php on line 164
[17-Oct-2019 13:52:34 UTC] PHP Notice:  Array to string conversion in C:\inetpub\wwwroot\PHP\taalproof_2.0\src\database\QueryBuilder.php on line 165
[17-Oct-2019 13:54:58 UTC] PHP Fatal error:  Uncaught ArgumentCountError: Too few arguments to function QueryBuilder::selectOneIdWhereId(), 3 passed in C:\inetpub\wwwroot\PHP\taalproof_2.0\src\Controllers\admin.php on line 47 and exactly 4 expected in C:\inetpub\wwwroot\PHP\taalproof_2.0\src\database\QueryBuilder.php:130
Stack trace:
#0 C:\inetpub\wwwroot\PHP\taalproof_2.0\src\Controllers\admin.php(47): QueryBuilder->selectOneIdWhereId('videos', 'video_code', 'cdtyj')
#1 C:\inetpub\wwwroot\PHP\taalproof_2.0\index.php(25): require('C:\\inetpub\\wwwr...')
#2 {main}
  thrown in C:\inetpub\wwwroot\PHP\taalproof_2.0\src\database\QueryBuilder.php on line 130
[17-Oct-2019 13:58:18 UTC] PHP Fatal error:  Uncaught Error: Call to undefined method QueryBuilder::insertNewCategorie() in C:\inetpub\wwwroot\PHP\taalproof_2.0\src\Controllers\admin.php:42
Stack trace:
#0 C:\inetpub\wwwroot\PHP\taalproof_2.0\index.php(25): require()
#1 {main}
  thrown in C:\inetpub\wwwroot\PHP\taalproof_2.0\src\Controllers\admin.php on line 42
[17-Oct-2019 13:58:45 UTC] PHP Fatal error:  Uncaught ArgumentCountError: Too few arguments to function QueryBuilder::insertNewCategory(), 1 passed in C:\inetpub\wwwroot\PHP\taalproof_2.0\src\Controllers\admin.php on line 42 and exactly 2 expected in C:\inetpub\wwwroot\PHP\taalproof_2.0\src\database\QueryBuilder.php:168
Stack trace:
#0 C:\inetpub\wwwroot\PHP\taalproof_2.0\src\Controllers\admin.php(42): QueryBuilder->insertNewCategory('yes it is')
#1 C:\inetpub\wwwroot\PHP\taalproof_2.0\index.php(25): require('C:\\inetpub\\wwwr...')
#2 {main}
  thrown in C:\inetpub\wwwroot\PHP\taalproof_2.0\src\database\QueryBuilder.php on line 168
[17-Oct-2019 14:26:05 UTC] PHP Warning:  array_push() expects parameter 1 to be array, null given in C:\inetpub\wwwroot\PHP\taalproof_2.0\src\Controllers\admin.php on line 49
[17-Oct-2019 14:26:05 UTC] PHP Warning:  array_push() expects parameter 1 to be array, null given in C:\inetpub\wwwroot\PHP\taalproof_2.0\src\Controllers\admin.php on line 49
[17-Oct-2019 14:26:05 UTC] PHP Warning:  array_merge(): Expected parameter 1 to be an array, null given in C:\inetpub\wwwroot\PHP\taalproof_2.0\src\Controllers\admin.php on line 57
[17-Oct-2019 14:27:27 UTC] PHP Warning:  array_push() expects parameter 1 to be array, null given in C:\inetpub\wwwroot\PHP\taalproof_2.0\src\Controllers\admin.php on line 49
[17-Oct-2019 14:27:27 UTC] PHP Warning:  array_push() expects parameter 1 to be array, null given in C:\inetpub\wwwroot\PHP\taalproof_2.0\src\Controllers\admin.php on line 49
